The target system is: Darwin - 1 - 
The host system is: Darwin - 14.5.0 - x86_64
Performing C SOURCE FILE Test HAVE_GNU90 succeded with the following output:
Change Dir: /Users/a/code/cloudbrain-iosConnector/rabbitmq-c/build/CMakeFiles/CMakeTmp

Run Build Command:"/usr/bin/make" "cmTC_73269/fast"
/Applications/Xcode.app/Contents/Developer/usr/bin/make -f CMakeFiles/cmTC_73269.dir/build.make CMakeFiles/cmTC_73269.dir/build
Building C object CMakeFiles/cmTC_73269.dir/src.c.o
/usr/bin/gcc    -DHAVE_GNU90 -arch i386   -std=gnu90 -o CMakeFiles/cmTC_73269.dir/src.c.o   -c /Users/a/code/cloudbrain-iosConnector/rabbitmq-c/build/CMakeFiles/CMakeTmp/src.c
Linking C executable cmTC_73269
/Applications/CMake.app/Contents/bin/cmake -E cmake_link_script CMakeFiles/cmTC_73269.dir/link.txt --verbose=1
/usr/bin/gcc   -DHAVE_GNU90 -arch i386 -Wl,-headerpad_max_install_names   CMakeFiles/cmTC_73269.dir/src.c.o  -o cmTC_73269  

Source file was:
int main(void) { return 0; }
Determining if the function getaddrinfo exists passed with the following output:
Change Dir: /Users/a/code/cloudbrain-iosConnector/rabbitmq-c/build/CMakeFiles/CMakeTmp

Run Build Command:"/usr/bin/make" "cmTC_9f531/fast"
/Applications/Xcode.app/Contents/Developer/usr/bin/make -f CMakeFiles/cmTC_9f531.dir/build.make CMakeFiles/cmTC_9f531.dir/build
Building C object CMakeFiles/cmTC_9f531.dir/CheckFunctionExists.c.o
/usr/bin/gcc    -std=gnu90 -DCHECK_FUNCTION_EXISTS=getaddrinfo -arch i386   -o CMakeFiles/cmTC_9f531.dir/CheckFunctionExists.c.o   -c /Applications/CMake.app/Contents/share/cmake-3.4/Modules/CheckFunctionExists.c
Linking C executable cmTC_9f531
/Applications/CMake.app/Contents/bin/cmake -E cmake_link_script CMakeFiles/cmTC_9f531.dir/link.txt --verbose=1
/usr/bin/gcc   -std=gnu90 -DCHECK_FUNCTION_EXISTS=getaddrinfo -arch i386 -Wl,-headerpad_max_install_names   CMakeFiles/cmTC_9f531.dir/CheckFunctionExists.c.o  -o cmTC_9f531  


Determining if the function socket exists passed with the following output:
Change Dir: /Users/a/code/cloudbrain-iosConnector/rabbitmq-c/build/CMakeFiles/CMakeTmp

Run Build Command:"/usr/bin/make" "cmTC_33da4/fast"
/Applications/Xcode.app/Contents/Developer/usr/bin/make -f CMakeFiles/cmTC_33da4.dir/build.make CMakeFiles/cmTC_33da4.dir/build
Building C object CMakeFiles/cmTC_33da4.dir/CheckFunctionExists.c.o
/usr/bin/gcc    -std=gnu90 -DCHECK_FUNCTION_EXISTS=socket -arch i386   -o CMakeFiles/cmTC_33da4.dir/CheckFunctionExists.c.o   -c /Applications/CMake.app/Contents/share/cmake-3.4/Modules/CheckFunctionExists.c
Linking C executable cmTC_33da4
/Applications/CMake.app/Contents/bin/cmake -E cmake_link_script CMakeFiles/cmTC_33da4.dir/link.txt --verbose=1
/usr/bin/gcc   -std=gnu90 -DCHECK_FUNCTION_EXISTS=socket -arch i386 -Wl,-headerpad_max_install_names   CMakeFiles/cmTC_33da4.dir/CheckFunctionExists.c.o  -o cmTC_33da4  


Determining if the htonll exist passed with the following output:
Change Dir: /Users/a/code/cloudbrain-iosConnector/rabbitmq-c/build/CMakeFiles/CMakeTmp

Run Build Command:"/usr/bin/make" "cmTC_60be9/fast"
/Applications/Xcode.app/Contents/Developer/usr/bin/make -f CMakeFiles/cmTC_60be9.dir/build.make CMakeFiles/cmTC_60be9.dir/build
Building C object CMakeFiles/cmTC_60be9.dir/CheckSymbolExists.c.o
/usr/bin/gcc    -std=gnu90  -arch i386   -o CMakeFiles/cmTC_60be9.dir/CheckSymbolExists.c.o   -c /Users/a/code/cloudbrain-iosConnector/rabbitmq-c/build/CMakeFiles/CMakeTmp/CheckSymbolExists.c
Linking C executable cmTC_60be9
/Applications/CMake.app/Contents/bin/cmake -E cmake_link_script CMakeFiles/cmTC_60be9.dir/link.txt --verbose=1
/usr/bin/gcc   -std=gnu90  -arch i386 -Wl,-headerpad_max_install_names   CMakeFiles/cmTC_60be9.dir/CheckSymbolExists.c.o  -o cmTC_60be9  

File /Users/a/code/cloudbrain-iosConnector/rabbitmq-c/build/CMakeFiles/CMakeTmp/CheckSymbolExists.c:
/* */
#include <arpa/inet.h>

int main(int argc, char** argv)
{
  (void)argv;
#ifndef htonll
  return ((int*)(&htonll))[argc];
#else
  (void)argc;
  return 0;
#endif
}

Determining if the function poll exists passed with the following output:
Change Dir: /Users/a/code/cloudbrain-iosConnector/rabbitmq-c/build/CMakeFiles/CMakeTmp

Run Build Command:"/usr/bin/make" "cmTC_662d3/fast"
/Applications/Xcode.app/Contents/Developer/usr/bin/make -f CMakeFiles/cmTC_662d3.dir/build.make CMakeFiles/cmTC_662d3.dir/build
Building C object CMakeFiles/cmTC_662d3.dir/CheckFunctionExists.c.o
/usr/bin/gcc   -I/Users/a/code/cloudbrain-iosConnector/rabbitmq-c/build/CMakeFiles/CMakeTmp/poll.h  -std=gnu90 -DCHECK_FUNCTION_EXISTS=poll -arch i386   -o CMakeFiles/cmTC_662d3.dir/CheckFunctionExists.c.o   -c /Applications/CMake.app/Contents/share/cmake-3.4/Modules/CheckFunctionExists.c
Linking C executable cmTC_662d3
/Applications/CMake.app/Contents/bin/cmake -E cmake_link_script CMakeFiles/cmTC_662d3.dir/link.txt --verbose=1
/usr/bin/gcc   -std=gnu90 -DCHECK_FUNCTION_EXISTS=poll -arch i386 -Wl,-headerpad_max_install_names   CMakeFiles/cmTC_662d3.dir/CheckFunctionExists.c.o  -o cmTC_662d3  


Determining if the include file pthread.h exists passed with the following output:
Change Dir: /Users/a/code/cloudbrain-iosConnector/rabbitmq-c/build/CMakeFiles/CMakeTmp

Run Build Command:"/usr/bin/make" "cmTC_944b1/fast"
/Applications/Xcode.app/Contents/Developer/usr/bin/make -f CMakeFiles/cmTC_944b1.dir/build.make CMakeFiles/cmTC_944b1.dir/build
Building C object CMakeFiles/cmTC_944b1.dir/CheckIncludeFile.c.o
/usr/bin/gcc    -std=gnu90  -arch i386   -o CMakeFiles/cmTC_944b1.dir/CheckIncludeFile.c.o   -c /Users/a/code/cloudbrain-iosConnector/rabbitmq-c/build/CMakeFiles/CMakeTmp/CheckIncludeFile.c
Linking C executable cmTC_944b1
/Applications/CMake.app/Contents/bin/cmake -E cmake_link_script CMakeFiles/cmTC_944b1.dir/link.txt --verbose=1
/usr/bin/gcc   -std=gnu90  -arch i386 -Wl,-headerpad_max_install_names   CMakeFiles/cmTC_944b1.dir/CheckIncludeFile.c.o  -o cmTC_944b1  


Determining if the pthread_create exist passed with the following output:
Change Dir: /Users/a/code/cloudbrain-iosConnector/rabbitmq-c/build/CMakeFiles/CMakeTmp

Run Build Command:"/usr/bin/make" "cmTC_2bb61/fast"
/Applications/Xcode.app/Contents/Developer/usr/bin/make -f CMakeFiles/cmTC_2bb61.dir/build.make CMakeFiles/cmTC_2bb61.dir/build
Building C object CMakeFiles/cmTC_2bb61.dir/CheckSymbolExists.c.o
/usr/bin/gcc    -std=gnu90  -arch i386   -o CMakeFiles/cmTC_2bb61.dir/CheckSymbolExists.c.o   -c /Users/a/code/cloudbrain-iosConnector/rabbitmq-c/build/CMakeFiles/CMakeTmp/CheckSymbolExists.c
Linking C executable cmTC_2bb61
/Applications/CMake.app/Contents/bin/cmake -E cmake_link_script CMakeFiles/cmTC_2bb61.dir/link.txt --verbose=1
/usr/bin/gcc   -std=gnu90  -arch i386 -Wl,-headerpad_max_install_names   CMakeFiles/cmTC_2bb61.dir/CheckSymbolExists.c.o  -o cmTC_2bb61  

File /Users/a/code/cloudbrain-iosConnector/rabbitmq-c/build/CMakeFiles/CMakeTmp/CheckSymbolExists.c:
/* */
#include <pthread.h>

int main(int argc, char** argv)
{
  (void)argv;
#ifndef pthread_create
  return ((int*)(&pthread_create))[argc];
#else
  (void)argc;
  return 0;
#endif
}

